ERROR - 2022-07-26 10:32:09 --> Column 'id_tugas' cannot be null
CRITICAL - 2022-07-26 10:32:09 --> Column 'id_tugas' cannot be null
in SYSTEMPATH\Database\MySQLi\Connection.php on line 292.
 1 SYSTEMPATH\Database\MySQLi\Connection.php(292): mysqli->query()
 2 SYSTEMPATH\Database\BaseConnection.php(678): CodeIgniter\Database\MySQLi\Connection->execute()
 3 SYSTEMPATH\Database\BaseConnection.php(606): CodeIgniter\Database\BaseConnection->simpleQuery()
 4 SYSTEMPATH\Database\BaseBuilder.php(1904): CodeIgniter\Database\BaseConnection->query()
 5 SYSTEMPATH\Model.php(278): CodeIgniter\Database\BaseBuilder->insert()
 6 SYSTEMPATH\BaseModel.php(738): CodeIgniter\Model->doInsert()
 7 SYSTEMPATH\Model.php(666): CodeIgniter\BaseModel->insert()
 8 APPPATH\Controllers\Nilai.php(52): CodeIgniter\Model->insert()
 9 SYSTEMPATH\CodeIgniter.php(898): App\Controllers\nilai->create()
10 SYSTEMPATH\CodeIgniter.php(468): CodeIgniter\CodeIgniter->runController()
11 SYSTEMPATH\CodeIgniter.php(351): CodeIgniter\CodeIgniter->handleRequest()
12 FCPATH\index.php(62): CodeIgniter\CodeIgniter->run()
13 SYSTEMPATH\Commands\Server\rewrite.php(43): require_once('FCPATH\\index.php')
ERROR - 2022-07-26 11:43:01 --> Unknown column 'id_pertemuan' in 'where clause'
CRITICAL - 2022-07-26 11:43:01 --> Unknown column 'id_pertemuan' in 'where clause'
in SYSTEMPATH\Database\MySQLi\Connection.php on line 292.
 1 SYSTEMPATH\Database\MySQLi\Connection.php(292): mysqli->query()
 2 SYSTEMPATH\Database\BaseConnection.php(678): CodeIgniter\Database\MySQLi\Connection->execute()
 3 SYSTEMPATH\Database\BaseConnection.php(606): CodeIgniter\Database\BaseConnection->simpleQuery()
 4 SYSTEMPATH\Database\BaseBuilder.php(1585): CodeIgniter\Database\BaseConnection->query()
 5 APPPATH\Models\TugasPesertaModel.php(15): CodeIgniter\Database\BaseBuilder->get()
 6 APPPATH\Controllers\TugasPeserta.php(22): App\Models\TugasPesertaModel->getNama()
 7 SYSTEMPATH\CodeIgniter.php(898): App\Controllers\tugaspeserta->getData()
 8 SYSTEMPATH\CodeIgniter.php(468): CodeIgniter\CodeIgniter->runController()
 9 SYSTEMPATH\CodeIgniter.php(351): CodeIgniter\CodeIgniter->handleRequest()
10 FCPATH\index.php(62): CodeIgniter\CodeIgniter->run()
11 SYSTEMPATH\Commands\Server\rewrite.php(43): require_once('FCPATH\\index.php')
ERROR - 2022-07-26 21:47:27 --> Column 'id_tugas' cannot be null
CRITICAL - 2022-07-26 21:47:27 --> Column 'id_tugas' cannot be null
in SYSTEMPATH\Database\MySQLi\Connection.php on line 292.
 1 SYSTEMPATH\Database\MySQLi\Connection.php(292): mysqli->query()
 2 SYSTEMPATH\Database\BaseConnection.php(678): CodeIgniter\Database\MySQLi\Connection->execute()
 3 SYSTEMPATH\Database\BaseConnection.php(606): CodeIgniter\Database\BaseConnection->simpleQuery()
 4 SYSTEMPATH\Database\BaseBuilder.php(1904): CodeIgniter\Database\BaseConnection->query()
 5 SYSTEMPATH\Model.php(278): CodeIgniter\Database\BaseBuilder->insert()
 6 SYSTEMPATH\BaseModel.php(738): CodeIgniter\Model->doInsert()
 7 SYSTEMPATH\Model.php(666): CodeIgniter\BaseModel->insert()
 8 APPPATH\Controllers\Nilai.php(52): CodeIgniter\Model->insert()
 9 SYSTEMPATH\CodeIgniter.php(898): App\Controllers\nilai->create()
10 SYSTEMPATH\CodeIgniter.php(468): CodeIgniter\CodeIgniter->runController()
11 SYSTEMPATH\CodeIgniter.php(351): CodeIgniter\CodeIgniter->handleRequest()
12 FCPATH\index.php(62): CodeIgniter\CodeIgniter->run()
13 SYSTEMPATH\Commands\Server\rewrite.php(43): require_once('FCPATH\\index.php')
