CRITICAL - 2022-07-24 02:47:25 --> There is no data to insert.
in SYSTEMPATH\BaseModel.php on line 1576.
 1 SYSTEMPATH\BaseModel.php(1576): CodeIgniter\Database\Exceptions\DataException::forEmptyDataset()
 2 SYSTEMPATH\BaseModel.php(704): CodeIgniter\BaseModel->transformDataToArray()
 3 SYSTEMPATH\Model.php(666): CodeIgniter\BaseModel->insert()
 4 APPPATH\Controllers\Pertemuan.php(114): CodeIgniter\Model->insert()
 5 SYSTEMPATH\CodeIgniter.php(898): App\Controllers\Pertemuan->create()
 6 SYSTEMPATH\CodeIgniter.php(468): CodeIgniter\CodeIgniter->runController()
 7 SYSTEMPATH\CodeIgniter.php(351): CodeIgniter\CodeIgniter->handleRequest()
 8 FCPATH\index.php(62): CodeIgniter\CodeIgniter->run()
 9 SYSTEMPATH\Commands\Server\rewrite.php(43): require_once('FCPATH\\index.php')
CRITICAL - 2022-07-24 02:49:06 --> There is no data to insert.
in SYSTEMPATH\BaseModel.php on line 1576.
 1 SYSTEMPATH\BaseModel.php(1576): CodeIgniter\Database\Exceptions\DataException::forEmptyDataset()
 2 SYSTEMPATH\BaseModel.php(704): CodeIgniter\BaseModel->transformDataToArray()
 3 SYSTEMPATH\Model.php(666): CodeIgniter\BaseModel->insert()
 4 APPPATH\Controllers\Pertemuan.php(114): CodeIgniter\Model->insert()
 5 SYSTEMPATH\CodeIgniter.php(898): App\Controllers\Pertemuan->create()
 6 SYSTEMPATH\CodeIgniter.php(468): CodeIgniter\CodeIgniter->runController()
 7 SYSTEMPATH\CodeIgniter.php(351): CodeIgniter\CodeIgniter->handleRequest()
 8 FCPATH\index.php(62): CodeIgniter\CodeIgniter->run()
 9 SYSTEMPATH\Commands\Server\rewrite.php(43): require_once('FCPATH\\index.php')
CRITICAL - 2022-07-24 03:13:54 --> Argument 1 passed to CodeIgniter\Validation\FileRules::uploaded() must be of the type string or null, array given, called in C:\xampp\htdocs\back-angular\backend_sipekerti\system\Validation\Validation.php on line 306
in SYSTEMPATH\Validation\FileRules.php on line 47.
 1 SYSTEMPATH\Validation\Validation.php(306): CodeIgniter\Validation\FileRules->uploaded()
 2 SYSTEMPATH\Validation\Validation.php(161): CodeIgniter\Validation\Validation->processRules()
 3 SYSTEMPATH\Controller.php(140): CodeIgniter\Validation\Validation->run()
 4 APPPATH\Controllers\Pertemuan.php(84): CodeIgniter\Controller->validate()
 5 SYSTEMPATH\CodeIgniter.php(898): App\Controllers\Pertemuan->create()
 6 SYSTEMPATH\CodeIgniter.php(468): CodeIgniter\CodeIgniter->runController()
 7 SYSTEMPATH\CodeIgniter.php(351): CodeIgniter\CodeIgniter->handleRequest()
 8 FCPATH\index.php(62): CodeIgniter\CodeIgniter->run()
 9 SYSTEMPATH\Commands\Server\rewrite.php(43): require_once('FCPATH\\index.php')
ERROR - 2022-07-24 06:38:36 --> Unknown column 'metode_penilian' in 'field list'
CRITICAL - 2022-07-24 06:38:36 --> Unknown column 'metode_penilian' in 'field list'
in SYSTEMPATH\Database\MySQLi\Connection.php on line 292.
 1 SYSTEMPATH\Database\MySQLi\Connection.php(292): mysqli->query()
 2 SYSTEMPATH\Database\BaseConnection.php(678): CodeIgniter\Database\MySQLi\Connection->execute()
 3 SYSTEMPATH\Database\BaseConnection.php(606): CodeIgniter\Database\BaseConnection->simpleQuery()
 4 SYSTEMPATH\Database\BaseBuilder.php(1585): CodeIgniter\Database\BaseConnection->query()
 5 APPPATH\Models\PertemuanModel.php(26): CodeIgniter\Database\BaseBuilder->get()
 6 APPPATH\Controllers\Pertemuan.php(24): App\Models\PertemuanModel->nama_pengajar()
 7 SYSTEMPATH\CodeIgniter.php(898): App\Controllers\Pertemuan->index()
 8 SYSTEMPATH\CodeIgniter.php(468): CodeIgniter\CodeIgniter->runController()
 9 SYSTEMPATH\CodeIgniter.php(351): CodeIgniter\CodeIgniter->handleRequest()
10 FCPATH\index.php(62): CodeIgniter\CodeIgniter->run()
11 SYSTEMPATH\Commands\Server\rewrite.php(43): require_once('FCPATH\\index.php')
ERROR - 2022-07-24 06:39:00 --> Unknown column 'metode_penilian' in 'field list'
CRITICAL - 2022-07-24 06:39:00 --> Unknown column 'metode_penilian' in 'field list'
in SYSTEMPATH\Database\MySQLi\Connection.php on line 292.
 1 SYSTEMPATH\Database\MySQLi\Connection.php(292): mysqli->query()
 2 SYSTEMPATH\Database\BaseConnection.php(678): CodeIgniter\Database\MySQLi\Connection->execute()
 3 SYSTEMPATH\Database\BaseConnection.php(606): CodeIgniter\Database\BaseConnection->simpleQuery()
 4 SYSTEMPATH\Database\BaseBuilder.php(1585): CodeIgniter\Database\BaseConnection->query()
 5 APPPATH\Models\PertemuanModel.php(26): CodeIgniter\Database\BaseBuilder->get()
 6 APPPATH\Controllers\Pertemuan.php(24): App\Models\PertemuanModel->nama_pengajar()
 7 SYSTEMPATH\CodeIgniter.php(898): App\Controllers\Pertemuan->index()
 8 SYSTEMPATH\CodeIgniter.php(468): CodeIgniter\CodeIgniter->runController()
 9 SYSTEMPATH\CodeIgniter.php(351): CodeIgniter\CodeIgniter->handleRequest()
10 FCPATH\index.php(62): CodeIgniter\CodeIgniter->run()
11 SYSTEMPATH\Commands\Server\rewrite.php(43): require_once('FCPATH\\index.php')
ERROR - 2022-07-24 06:39:01 --> Unknown column 'metode_penilian' in 'field list'
CRITICAL - 2022-07-24 06:39:01 --> Unknown column 'metode_penilian' in 'field list'
in SYSTEMPATH\Database\MySQLi\Connection.php on line 292.
 1 SYSTEMPATH\Database\MySQLi\Connection.php(292): mysqli->query()
 2 SYSTEMPATH\Database\BaseConnection.php(678): CodeIgniter\Database\MySQLi\Connection->execute()
 3 SYSTEMPATH\Database\BaseConnection.php(606): CodeIgniter\Database\BaseConnection->simpleQuery()
 4 SYSTEMPATH\Database\BaseBuilder.php(1585): CodeIgniter\Database\BaseConnection->query()
 5 APPPATH\Models\PertemuanModel.php(26): CodeIgniter\Database\BaseBuilder->get()
 6 APPPATH\Controllers\Pertemuan.php(24): App\Models\PertemuanModel->nama_pengajar()
 7 SYSTEMPATH\CodeIgniter.php(898): App\Controllers\Pertemuan->index()
 8 SYSTEMPATH\CodeIgniter.php(468): CodeIgniter\CodeIgniter->runController()
 9 SYSTEMPATH\CodeIgniter.php(351): CodeIgniter\CodeIgniter->handleRequest()
10 FCPATH\index.php(62): CodeIgniter\CodeIgniter->run()
11 SYSTEMPATH\Commands\Server\rewrite.php(43): require_once('FCPATH\\index.php')
ERROR - 2022-07-24 06:39:03 --> Unknown column 'metode_penilian' in 'field list'
CRITICAL - 2022-07-24 06:39:03 --> Unknown column 'metode_penilian' in 'field list'
in SYSTEMPATH\Database\MySQLi\Connection.php on line 292.
 1 SYSTEMPATH\Database\MySQLi\Connection.php(292): mysqli->query()
 2 SYSTEMPATH\Database\BaseConnection.php(678): CodeIgniter\Database\MySQLi\Connection->execute()
 3 SYSTEMPATH\Database\BaseConnection.php(606): CodeIgniter\Database\BaseConnection->simpleQuery()
 4 SYSTEMPATH\Database\BaseBuilder.php(1585): CodeIgniter\Database\BaseConnection->query()
 5 APPPATH\Models\PertemuanModel.php(26): CodeIgniter\Database\BaseBuilder->get()
 6 APPPATH\Controllers\Pertemuan.php(24): App\Models\PertemuanModel->nama_pengajar()
 7 SYSTEMPATH\CodeIgniter.php(898): App\Controllers\Pertemuan->index()
 8 SYSTEMPATH\CodeIgniter.php(468): CodeIgniter\CodeIgniter->runController()
 9 SYSTEMPATH\CodeIgniter.php(351): CodeIgniter\CodeIgniter->handleRequest()
10 FCPATH\index.php(62): CodeIgniter\CodeIgniter->run()
11 SYSTEMPATH\Commands\Server\rewrite.php(43): require_once('FCPATH\\index.php')
ERROR - 2022-07-24 06:39:04 --> Unknown column 'metode_penilian' in 'field list'
CRITICAL - 2022-07-24 06:39:04 --> Unknown column 'metode_penilian' in 'field list'
in SYSTEMPATH\Database\MySQLi\Connection.php on line 292.
 1 SYSTEMPATH\Database\MySQLi\Connection.php(292): mysqli->query()
 2 SYSTEMPATH\Database\BaseConnection.php(678): CodeIgniter\Database\MySQLi\Connection->execute()
 3 SYSTEMPATH\Database\BaseConnection.php(606): CodeIgniter\Database\BaseConnection->simpleQuery()
 4 SYSTEMPATH\Database\BaseBuilder.php(1585): CodeIgniter\Database\BaseConnection->query()
 5 APPPATH\Models\PertemuanModel.php(26): CodeIgniter\Database\BaseBuilder->get()
 6 APPPATH\Controllers\Pertemuan.php(24): App\Models\PertemuanModel->nama_pengajar()
 7 SYSTEMPATH\CodeIgniter.php(898): App\Controllers\Pertemuan->index()
 8 SYSTEMPATH\CodeIgniter.php(468): CodeIgniter\CodeIgniter->runController()
 9 SYSTEMPATH\CodeIgniter.php(351): CodeIgniter\CodeIgniter->handleRequest()
10 FCPATH\index.php(62): CodeIgniter\CodeIgniter->run()
11 SYSTEMPATH\Commands\Server\rewrite.php(43): require_once('FCPATH\\index.php')
ERROR - 2022-07-24 06:39:11 --> Unknown column 'nilai.id_peserta' in 'on clause'
CRITICAL - 2022-07-24 06:39:11 --> Unknown column 'nilai.id_peserta' in 'on clause'
in SYSTEMPATH\Database\MySQLi\Connection.php on line 292.
 1 SYSTEMPATH\Database\MySQLi\Connection.php(292): mysqli->query()
 2 SYSTEMPATH\Database\BaseConnection.php(678): CodeIgniter\Database\MySQLi\Connection->execute()
 3 SYSTEMPATH\Database\BaseConnection.php(606): CodeIgniter\Database\BaseConnection->simpleQuery()
 4 SYSTEMPATH\Database\BaseBuilder.php(1585): CodeIgniter\Database\BaseConnection->query()
 5 APPPATH\Models\PertemuanModel.php(26): CodeIgniter\Database\BaseBuilder->get()
 6 APPPATH\Controllers\Pertemuan.php(24): App\Models\PertemuanModel->nama_pengajar()
 7 SYSTEMPATH\CodeIgniter.php(898): App\Controllers\Pertemuan->index()
 8 SYSTEMPATH\CodeIgniter.php(468): CodeIgniter\CodeIgniter->runController()
 9 SYSTEMPATH\CodeIgniter.php(351): CodeIgniter\CodeIgniter->handleRequest()
10 FCPATH\index.php(62): CodeIgniter\CodeIgniter->run()
11 SYSTEMPATH\Commands\Server\rewrite.php(43): require_once('FCPATH\\index.php')
ERROR - 2022-07-24 06:39:34 --> Unknown column 'pertemuan.id_peserta' in 'on clause'
CRITICAL - 2022-07-24 06:39:34 --> Unknown column 'pertemuan.id_peserta' in 'on clause'
in SYSTEMPATH\Database\MySQLi\Connection.php on line 292.
 1 SYSTEMPATH\Database\MySQLi\Connection.php(292): mysqli->query()
 2 SYSTEMPATH\Database\BaseConnection.php(678): CodeIgniter\Database\MySQLi\Connection->execute()
 3 SYSTEMPATH\Database\BaseConnection.php(606): CodeIgniter\Database\BaseConnection->simpleQuery()
 4 SYSTEMPATH\Database\BaseBuilder.php(1585): CodeIgniter\Database\BaseConnection->query()
 5 APPPATH\Models\PertemuanModel.php(26): CodeIgniter\Database\BaseBuilder->get()
 6 APPPATH\Controllers\Pertemuan.php(24): App\Models\PertemuanModel->nama_pengajar()
 7 SYSTEMPATH\CodeIgniter.php(898): App\Controllers\Pertemuan->index()
 8 SYSTEMPATH\CodeIgniter.php(468): CodeIgniter\CodeIgniter->runController()
 9 SYSTEMPATH\CodeIgniter.php(351): CodeIgniter\CodeIgniter->handleRequest()
10 FCPATH\index.php(62): CodeIgniter\CodeIgniter->run()
11 SYSTEMPATH\Commands\Server\rewrite.php(43): require_once('FCPATH\\index.php')
CRITICAL - 2022-07-24 07:38:21 --> Argument 1 passed to CodeIgniter\Validation\FileRules::uploaded() must be of the type string or null, array given, called in C:\xampp\htdocs\back-angular\backend_sipekerti\system\Validation\Validation.php on line 306
in SYSTEMPATH\Validation\FileRules.php on line 47.
 1 SYSTEMPATH\Validation\Validation.php(306): CodeIgniter\Validation\FileRules->uploaded()
 2 SYSTEMPATH\Validation\Validation.php(161): CodeIgniter\Validation\Validation->processRules()
 3 SYSTEMPATH\Controller.php(140): CodeIgniter\Validation\Validation->run()
 4 APPPATH\Controllers\Pertemuan.php(171): CodeIgniter\Controller->validate()
 5 SYSTEMPATH\CodeIgniter.php(898): App\Controllers\Pertemuan->update()
 6 SYSTEMPATH\CodeIgniter.php(468): CodeIgniter\CodeIgniter->runController()
 7 SYSTEMPATH\CodeIgniter.php(351): CodeIgniter\CodeIgniter->handleRequest()
 8 FCPATH\index.php(62): CodeIgniter\CodeIgniter->run()
 9 SYSTEMPATH\Commands\Server\rewrite.php(43): require_once('FCPATH\\index.php')
ERROR - 2022-07-24 10:29:11 --> Unknown column 'komentar' in 'field list'
CRITICAL - 2022-07-24 10:29:11 --> Unknown column 'komentar' in 'field list'
in SYSTEMPATH\Database\MySQLi\Connection.php on line 292.
 1 SYSTEMPATH\Database\MySQLi\Connection.php(292): mysqli->query()
 2 SYSTEMPATH\Database\BaseConnection.php(678): CodeIgniter\Database\MySQLi\Connection->execute()
 3 SYSTEMPATH\Database\BaseConnection.php(606): CodeIgniter\Database\BaseConnection->simpleQuery()
 4 SYSTEMPATH\Database\BaseBuilder.php(1585): CodeIgniter\Database\BaseConnection->query()
 5 APPPATH\Models\KomentarModel.php(16): CodeIgniter\Database\BaseBuilder->get()
 6 APPPATH\Controllers\Komentar.php(119): App\Models\KomentarModel->nama_pertemuan()
 7 SYSTEMPATH\CodeIgniter.php(898): App\Controllers\Komentar->getnama_pertemuan()
 8 SYSTEMPATH\CodeIgniter.php(468): CodeIgniter\CodeIgniter->runController()
 9 SYSTEMPATH\CodeIgniter.php(351): CodeIgniter\CodeIgniter->handleRequest()
10 FCPATH\index.php(62): CodeIgniter\CodeIgniter->run()
11 SYSTEMPATH\Commands\Server\rewrite.php(43): require_once('FCPATH\\index.php')
ERROR - 2022-07-24 10:29:55 --> Unknown column 'komentar' in 'field list'
CRITICAL - 2022-07-24 10:29:55 --> Unknown column 'komentar' in 'field list'
in SYSTEMPATH\Database\MySQLi\Connection.php on line 292.
 1 SYSTEMPATH\Database\MySQLi\Connection.php(292): mysqli->query()
 2 SYSTEMPATH\Database\BaseConnection.php(678): CodeIgniter\Database\MySQLi\Connection->execute()
 3 SYSTEMPATH\Database\BaseConnection.php(606): CodeIgniter\Database\BaseConnection->simpleQuery()
 4 SYSTEMPATH\Database\BaseBuilder.php(1585): CodeIgniter\Database\BaseConnection->query()
 5 APPPATH\Models\KomentarModel.php(16): CodeIgniter\Database\BaseBuilder->get()
 6 APPPATH\Controllers\Komentar.php(119): App\Models\KomentarModel->nama_pertemuan()
 7 SYSTEMPATH\CodeIgniter.php(898): App\Controllers\Komentar->getnama_pertemuan()
 8 SYSTEMPATH\CodeIgniter.php(468): CodeIgniter\CodeIgniter->runController()
 9 SYSTEMPATH\CodeIgniter.php(351): CodeIgniter\CodeIgniter->handleRequest()
10 FCPATH\index.php(62): CodeIgniter\CodeIgniter->run()
11 SYSTEMPATH\Commands\Server\rewrite.php(43): require_once('FCPATH\\index.php')
ERROR - 2022-07-24 10:30:36 --> Unknown column 'komentar' in 'field list'
CRITICAL - 2022-07-24 10:30:36 --> Unknown column 'komentar' in 'field list'
in SYSTEMPATH\Database\MySQLi\Connection.php on line 292.
 1 SYSTEMPATH\Database\MySQLi\Connection.php(292): mysqli->query()
 2 SYSTEMPATH\Database\BaseConnection.php(678): CodeIgniter\Database\MySQLi\Connection->execute()
 3 SYSTEMPATH\Database\BaseConnection.php(606): CodeIgniter\Database\BaseConnection->simpleQuery()
 4 SYSTEMPATH\Database\BaseBuilder.php(1585): CodeIgniter\Database\BaseConnection->query()
 5 APPPATH\Models\KomentarModel.php(16): CodeIgniter\Database\BaseBuilder->get()
 6 APPPATH\Controllers\Komentar.php(119): App\Models\KomentarModel->nama_pertemuan()
 7 SYSTEMPATH\CodeIgniter.php(898): App\Controllers\Komentar->getnama_pertemuan()
 8 SYSTEMPATH\CodeIgniter.php(468): CodeIgniter\CodeIgniter->runController()
 9 SYSTEMPATH\CodeIgniter.php(351): CodeIgniter\CodeIgniter->handleRequest()
10 FCPATH\index.php(62): CodeIgniter\CodeIgniter->run()
11 SYSTEMPATH\Commands\Server\rewrite.php(43): require_once('FCPATH\\index.php')
ERROR - 2022-07-24 10:41:36 --> Unknown column 'posting.id_pengajar' in 'on clause'
CRITICAL - 2022-07-24 10:41:36 --> Unknown column 'posting.id_pengajar' in 'on clause'
in SYSTEMPATH\Database\MySQLi\Connection.php on line 292.
 1 SYSTEMPATH\Database\MySQLi\Connection.php(292): mysqli->query()
 2 SYSTEMPATH\Database\BaseConnection.php(678): CodeIgniter\Database\MySQLi\Connection->execute()
 3 SYSTEMPATH\Database\BaseConnection.php(606): CodeIgniter\Database\BaseConnection->simpleQuery()
 4 SYSTEMPATH\Database\BaseBuilder.php(1585): CodeIgniter\Database\BaseConnection->query()
 5 APPPATH\Models\KomentarModel.php(16): CodeIgniter\Database\BaseBuilder->get()
 6 APPPATH\Controllers\Komentar.php(119): App\Models\KomentarModel->nama_pertemuan()
 7 SYSTEMPATH\CodeIgniter.php(898): App\Controllers\Komentar->getnama_pertemuan()
 8 SYSTEMPATH\CodeIgniter.php(468): CodeIgniter\CodeIgniter->runController()
 9 SYSTEMPATH\CodeIgniter.php(351): CodeIgniter\CodeIgniter->handleRequest()
10 FCPATH\index.php(62): CodeIgniter\CodeIgniter->run()
11 SYSTEMPATH\Commands\Server\rewrite.php(43): require_once('FCPATH\\index.php')
ERROR - 2022-07-24 10:47:32 --> Unknown column 'nama' in 'field list'
CRITICAL - 2022-07-24 10:47:32 --> Unknown column 'nama' in 'field list'
in SYSTEMPATH\Database\MySQLi\Connection.php on line 292.
 1 SYSTEMPATH\Database\MySQLi\Connection.php(292): mysqli->query()
 2 SYSTEMPATH\Database\BaseConnection.php(678): CodeIgniter\Database\MySQLi\Connection->execute()
 3 SYSTEMPATH\Database\BaseConnection.php(606): CodeIgniter\Database\BaseConnection->simpleQuery()
 4 SYSTEMPATH\Database\BaseBuilder.php(1585): CodeIgniter\Database\BaseConnection->query()
 5 APPPATH\Models\KomentarModel.php(15): CodeIgniter\Database\BaseBuilder->get()
 6 APPPATH\Controllers\Komentar.php(117): App\Models\KomentarModel->nama_pertemuan()
 7 SYSTEMPATH\CodeIgniter.php(898): App\Controllers\Komentar->getnama_pertemuan()
 8 SYSTEMPATH\CodeIgniter.php(468): CodeIgniter\CodeIgniter->runController()
 9 SYSTEMPATH\CodeIgniter.php(351): CodeIgniter\CodeIgniter->handleRequest()
10 FCPATH\index.php(62): CodeIgniter\CodeIgniter->run()
11 SYSTEMPATH\Commands\Server\rewrite.php(43): require_once('FCPATH\\index.php')
ERROR - 2022-07-24 10:47:46 --> Unknown column 'nama' in 'field list'
CRITICAL - 2022-07-24 10:47:46 --> Unknown column 'nama' in 'field list'
in SYSTEMPATH\Database\MySQLi\Connection.php on line 292.
 1 SYSTEMPATH\Database\MySQLi\Connection.php(292): mysqli->query()
 2 SYSTEMPATH\Database\BaseConnection.php(678): CodeIgniter\Database\MySQLi\Connection->execute()
 3 SYSTEMPATH\Database\BaseConnection.php(606): CodeIgniter\Database\BaseConnection->simpleQuery()
 4 SYSTEMPATH\Database\BaseBuilder.php(1585): CodeIgniter\Database\BaseConnection->query()
 5 APPPATH\Models\KomentarModel.php(15): CodeIgniter\Database\BaseBuilder->get()
 6 APPPATH\Controllers\Komentar.php(117): App\Models\KomentarModel->nama_pertemuan()
 7 SYSTEMPATH\CodeIgniter.php(898): App\Controllers\Komentar->getnama_pertemuan()
 8 SYSTEMPATH\CodeIgniter.php(468): CodeIgniter\CodeIgniter->runController()
 9 SYSTEMPATH\CodeIgniter.php(351): CodeIgniter\CodeIgniter->handleRequest()
10 FCPATH\index.php(62): CodeIgniter\CodeIgniter->run()
11 SYSTEMPATH\Commands\Server\rewrite.php(43): require_once('FCPATH\\index.php')
ERROR - 2022-07-24 10:48:52 --> Unknown column 'nama' in 'field list'
CRITICAL - 2022-07-24 10:48:52 --> Unknown column 'nama' in 'field list'
in SYSTEMPATH\Database\MySQLi\Connection.php on line 292.
 1 SYSTEMPATH\Database\MySQLi\Connection.php(292): mysqli->query()
 2 SYSTEMPATH\Database\BaseConnection.php(678): CodeIgniter\Database\MySQLi\Connection->execute()
 3 SYSTEMPATH\Database\BaseConnection.php(606): CodeIgniter\Database\BaseConnection->simpleQuery()
 4 SYSTEMPATH\Database\BaseBuilder.php(1585): CodeIgniter\Database\BaseConnection->query()
 5 APPPATH\Models\KomentarModel.php(15): CodeIgniter\Database\BaseBuilder->get()
 6 APPPATH\Controllers\Komentar.php(117): App\Models\KomentarModel->nama_pertemuan()
 7 SYSTEMPATH\CodeIgniter.php(898): App\Controllers\Komentar->getnama_pertemuan()
 8 SYSTEMPATH\CodeIgniter.php(468): CodeIgniter\CodeIgniter->runController()
 9 SYSTEMPATH\CodeIgniter.php(351): CodeIgniter\CodeIgniter->handleRequest()
10 FCPATH\index.php(62): CodeIgniter\CodeIgniter->run()
11 SYSTEMPATH\Commands\Server\rewrite.php(43): require_once('FCPATH\\index.php')
