CRITICAL - 2022-08-10 22:45:47 --> Object of class stdClass could not be converted to string
in SYSTEMPATH\Database\Query.php on line 335.
 1 SYSTEMPATH\Database\Query.php(335): strtr()
 2 SYSTEMPATH\Database\Query.php(310): CodeIgniter\Database\Query->matchNamedBinds()
 3 SYSTEMPATH\Database\Query.php(159): CodeIgniter\Database\Query->compileBinds()
 4 SYSTEMPATH\Database\BaseConnection.php(606): CodeIgniter\Database\Query->getQuery()
 5 SYSTEMPATH\Database\BaseBuilder.php(2046): CodeIgniter\Database\BaseConnection->query()
 6 SYSTEMPATH\Model.php(337): CodeIgniter\Database\BaseBuilder->update()
 7 SYSTEMPATH\BaseModel.php(865): CodeIgniter\Model->doUpdate()
 8 SYSTEMPATH\Model.php(692): CodeIgniter\BaseModel->update()
 9 APPPATH\Controllers\Pertemuan.php(113): CodeIgniter\Model->update()
10 SYSTEMPATH\CodeIgniter.php(898): App\Controllers\Pertemuan->update_pertemuan()
11 SYSTEMPATH\CodeIgniter.php(468): CodeIgniter\CodeIgniter->runController()
12 SYSTEMPATH\CodeIgniter.php(351): CodeIgniter\CodeIgniter->handleRequest()
13 FCPATH\index.php(62): CodeIgniter\CodeIgniter->run()
14 SYSTEMPATH\Commands\Server\rewrite.php(43): require_once('FCPATH\\index.php')
CRITICAL - 2022-08-10 22:47:09 --> Object of class stdClass could not be converted to string
in SYSTEMPATH\Database\Query.php on line 335.
 1 SYSTEMPATH\Database\Query.php(335): strtr()
 2 SYSTEMPATH\Database\Query.php(310): CodeIgniter\Database\Query->matchNamedBinds()
 3 SYSTEMPATH\Database\Query.php(159): CodeIgniter\Database\Query->compileBinds()
 4 SYSTEMPATH\Database\BaseConnection.php(606): CodeIgniter\Database\Query->getQuery()
 5 SYSTEMPATH\Database\BaseBuilder.php(2046): CodeIgniter\Database\BaseConnection->query()
 6 SYSTEMPATH\Model.php(337): CodeIgniter\Database\BaseBuilder->update()
 7 SYSTEMPATH\BaseModel.php(865): CodeIgniter\Model->doUpdate()
 8 SYSTEMPATH\Model.php(692): CodeIgniter\BaseModel->update()
 9 APPPATH\Controllers\Pertemuan.php(113): CodeIgniter\Model->update()
10 SYSTEMPATH\CodeIgniter.php(898): App\Controllers\Pertemuan->update_pertemuan()
11 SYSTEMPATH\CodeIgniter.php(468): CodeIgniter\CodeIgniter->runController()
12 SYSTEMPATH\CodeIgniter.php(351): CodeIgniter\CodeIgniter->handleRequest()
13 FCPATH\index.php(62): CodeIgniter\CodeIgniter->run()
14 SYSTEMPATH\Commands\Server\rewrite.php(43): require_once('FCPATH\\index.php')
CRITICAL - 2022-08-10 22:53:45 --> Undefined index: id_tugas
in APPPATH\Controllers\Pertemuan.php on line 95.
 1 APPPATH\Controllers\Pertemuan.php(95): CodeIgniter\Debug\Exceptions->errorHandler()
 2 SYSTEMPATH\CodeIgniter.php(898): App\Controllers\Pertemuan->update_pertemuan()
 3 SYSTEMPATH\CodeIgniter.php(468): CodeIgniter\CodeIgniter->runController()
 4 SYSTEMPATH\CodeIgniter.php(351): CodeIgniter\CodeIgniter->handleRequest()
 5 FCPATH\index.php(62): CodeIgniter\CodeIgniter->run()
 6 SYSTEMPATH\Commands\Server\rewrite.php(43): require_once('FCPATH\\index.php')
