CRITICAL - 2022-07-25 02:01:51 --> Argument 1 passed to CodeIgniter\Validation\FileRules::uploaded() must be of the type string or null, array given, called in C:\xampp\htdocs\back-angular\backend_sipekerti\system\Validation\Validation.php on line 306
in SYSTEMPATH\Validation\FileRules.php on line 47.
 1 SYSTEMPATH\Validation\Validation.php(306): CodeIgniter\Validation\FileRules->uploaded()
 2 SYSTEMPATH\Validation\Validation.php(161): CodeIgniter\Validation\Validation->processRules()
 3 SYSTEMPATH\Controller.php(140): CodeIgniter\Validation\Validation->run()
 4 APPPATH\Controllers\Materi.php(44): CodeIgniter\Controller->validate()
 5 SYSTEMPATH\CodeIgniter.php(898): App\Controllers\materi->create()
 6 SYSTEMPATH\CodeIgniter.php(468): CodeIgniter\CodeIgniter->runController()
 7 SYSTEMPATH\CodeIgniter.php(351): CodeIgniter\CodeIgniter->handleRequest()
 8 FCPATH\index.php(62): CodeIgniter\CodeIgniter->run()
 9 SYSTEMPATH\Commands\Server\rewrite.php(43): require_once('FCPATH\\index.php')
CRITICAL - 2022-07-25 02:39:04 --> Call to a member function isValid() on null
in APPPATH\Controllers\Tugas.php on line 43.
 1 SYSTEMPATH\CodeIgniter.php(898): App\Controllers\tugas->create()
 2 SYSTEMPATH\CodeIgniter.php(468): CodeIgniter\CodeIgniter->runController()
 3 SYSTEMPATH\CodeIgniter.php(351): CodeIgniter\CodeIgniter->handleRequest()
 4 FCPATH\index.php(62): CodeIgniter\CodeIgniter->run()
 5 SYSTEMPATH\Commands\Server\rewrite.php(43): require_once('FCPATH\\index.php')
CRITICAL - 2022-07-25 02:56:00 --> Call to a member function isValid() on null
in APPPATH\Controllers\Tugas.php on line 40.
 1 SYSTEMPATH\CodeIgniter.php(898): App\Controllers\tugas->create()
 2 SYSTEMPATH\CodeIgniter.php(468): CodeIgniter\CodeIgniter->runController()
 3 SYSTEMPATH\CodeIgniter.php(351): CodeIgniter\CodeIgniter->handleRequest()
 4 FCPATH\index.php(62): CodeIgniter\CodeIgniter->run()
 5 SYSTEMPATH\Commands\Server\rewrite.php(43): require_once('FCPATH\\index.php')
CRITICAL - 2022-07-25 02:59:12 --> Call to a member function isValid() on null
in APPPATH\Controllers\Tugas.php on line 40.
 1 SYSTEMPATH\CodeIgniter.php(898): App\Controllers\tugas->create()
 2 SYSTEMPATH\CodeIgniter.php(468): CodeIgniter\CodeIgniter->runController()
 3 SYSTEMPATH\CodeIgniter.php(351): CodeIgniter\CodeIgniter->handleRequest()
 4 FCPATH\index.php(62): CodeIgniter\CodeIgniter->run()
 5 SYSTEMPATH\Commands\Server\rewrite.php(43): require_once('FCPATH\\index.php')
CRITICAL - 2022-07-25 03:04:41 --> Call to a member function isValid() on null
in APPPATH\Controllers\Tugas.php on line 40.
 1 SYSTEMPATH\CodeIgniter.php(898): App\Controllers\tugas->create()
 2 SYSTEMPATH\CodeIgniter.php(468): CodeIgniter\CodeIgniter->runController()
 3 SYSTEMPATH\CodeIgniter.php(351): CodeIgniter\CodeIgniter->handleRequest()
 4 FCPATH\index.php(62): CodeIgniter\CodeIgniter->run()
 5 SYSTEMPATH\Commands\Server\rewrite.php(43): require_once('FCPATH\\index.php')
CRITICAL - 2022-07-25 03:09:25 --> Call to undefined function App\Controllers\dot_array_search()
in APPPATH\Controllers\Pertemuan.php on line 163.
 1 SYSTEMPATH\CodeIgniter.php(898): App\Controllers\Pertemuan->update()
 2 SYSTEMPATH\CodeIgniter.php(468): CodeIgniter\CodeIgniter->runController()
 3 SYSTEMPATH\CodeIgniter.php(351): CodeIgniter\CodeIgniter->handleRequest()
 4 FCPATH\index.php(62): CodeIgniter\CodeIgniter->run()
 5 SYSTEMPATH\Commands\Server\rewrite.php(43): require_once('FCPATH\\index.php')
ERROR - 2022-07-25 11:07:53 --> Column 'id_tugas' cannot be null
CRITICAL - 2022-07-25 11:07:53 --> Column 'id_tugas' cannot be null
in SYSTEMPATH\Database\MySQLi\Connection.php on line 292.
 1 SYSTEMPATH\Database\MySQLi\Connection.php(292): mysqli->query()
 2 SYSTEMPATH\Database\BaseConnection.php(678): CodeIgniter\Database\MySQLi\Connection->execute()
 3 SYSTEMPATH\Database\BaseConnection.php(606): CodeIgniter\Database\BaseConnection->simpleQuery()
 4 SYSTEMPATH\Database\BaseBuilder.php(1904): CodeIgniter\Database\BaseConnection->query()
 5 SYSTEMPATH\Model.php(278): CodeIgniter\Database\BaseBuilder->insert()
 6 SYSTEMPATH\BaseModel.php(738): CodeIgniter\Model->doInsert()
 7 SYSTEMPATH\Model.php(666): CodeIgniter\BaseModel->insert()
 8 APPPATH\Controllers\Nilai.php(36): CodeIgniter\Model->insert()
 9 SYSTEMPATH\CodeIgniter.php(898): App\Controllers\nilai->create()
10 SYSTEMPATH\CodeIgniter.php(468): CodeIgniter\CodeIgniter->runController()
11 SYSTEMPATH\CodeIgniter.php(351): CodeIgniter\CodeIgniter->handleRequest()
12 FCPATH\index.php(62): CodeIgniter\CodeIgniter->run()
13 SYSTEMPATH\Commands\Server\rewrite.php(43): require_once('FCPATH\\index.php')
ERROR - 2022-07-25 11:12:11 --> Column 'id_tugas' cannot be null
CRITICAL - 2022-07-25 11:12:11 --> Column 'id_tugas' cannot be null
in SYSTEMPATH\Database\MySQLi\Connection.php on line 292.
 1 SYSTEMPATH\Database\MySQLi\Connection.php(292): mysqli->query()
 2 SYSTEMPATH\Database\BaseConnection.php(678): CodeIgniter\Database\MySQLi\Connection->execute()
 3 SYSTEMPATH\Database\BaseConnection.php(606): CodeIgniter\Database\BaseConnection->simpleQuery()
 4 SYSTEMPATH\Database\BaseBuilder.php(1904): CodeIgniter\Database\BaseConnection->query()
 5 SYSTEMPATH\Model.php(278): CodeIgniter\Database\BaseBuilder->insert()
 6 SYSTEMPATH\BaseModel.php(738): CodeIgniter\Model->doInsert()
 7 SYSTEMPATH\Model.php(666): CodeIgniter\BaseModel->insert()
 8 APPPATH\Controllers\Nilai.php(36): CodeIgniter\Model->insert()
 9 SYSTEMPATH\CodeIgniter.php(898): App\Controllers\nilai->create()
10 SYSTEMPATH\CodeIgniter.php(468): CodeIgniter\CodeIgniter->runController()
11 SYSTEMPATH\CodeIgniter.php(351): CodeIgniter\CodeIgniter->handleRequest()
12 FCPATH\index.php(62): CodeIgniter\CodeIgniter->run()
13 SYSTEMPATH\Commands\Server\rewrite.php(43): require_once('FCPATH\\index.php')
ERROR - 2022-07-25 11:14:08 --> Column 'id_tugas' cannot be null
CRITICAL - 2022-07-25 11:14:08 --> Column 'id_tugas' cannot be null
in SYSTEMPATH\Database\MySQLi\Connection.php on line 292.
 1 SYSTEMPATH\Database\MySQLi\Connection.php(292): mysqli->query()
 2 SYSTEMPATH\Database\BaseConnection.php(678): CodeIgniter\Database\MySQLi\Connection->execute()
 3 SYSTEMPATH\Database\BaseConnection.php(606): CodeIgniter\Database\BaseConnection->simpleQuery()
 4 SYSTEMPATH\Database\BaseBuilder.php(1904): CodeIgniter\Database\BaseConnection->query()
 5 SYSTEMPATH\Model.php(278): CodeIgniter\Database\BaseBuilder->insert()
 6 SYSTEMPATH\BaseModel.php(738): CodeIgniter\Model->doInsert()
 7 SYSTEMPATH\Model.php(666): CodeIgniter\BaseModel->insert()
 8 APPPATH\Controllers\Nilai.php(38): CodeIgniter\Model->insert()
 9 SYSTEMPATH\CodeIgniter.php(898): App\Controllers\nilai->create()
10 SYSTEMPATH\CodeIgniter.php(468): CodeIgniter\CodeIgniter->runController()
11 SYSTEMPATH\CodeIgniter.php(351): CodeIgniter\CodeIgniter->handleRequest()
12 FCPATH\index.php(62): CodeIgniter\CodeIgniter->run()
13 SYSTEMPATH\Commands\Server\rewrite.php(43): require_once('FCPATH\\index.php')
ERROR - 2022-07-25 11:18:57 --> Column 'id_tugas' cannot be null
CRITICAL - 2022-07-25 11:18:57 --> Column 'id_tugas' cannot be null
in SYSTEMPATH\Database\MySQLi\Connection.php on line 292.
 1 SYSTEMPATH\Database\MySQLi\Connection.php(292): mysqli->query()
 2 SYSTEMPATH\Database\BaseConnection.php(678): CodeIgniter\Database\MySQLi\Connection->execute()
 3 SYSTEMPATH\Database\BaseConnection.php(606): CodeIgniter\Database\BaseConnection->simpleQuery()
 4 SYSTEMPATH\Database\BaseBuilder.php(1904): CodeIgniter\Database\BaseConnection->query()
 5 SYSTEMPATH\Model.php(278): CodeIgniter\Database\BaseBuilder->insert()
 6 SYSTEMPATH\BaseModel.php(738): CodeIgniter\Model->doInsert()
 7 SYSTEMPATH\Model.php(666): CodeIgniter\BaseModel->insert()
 8 APPPATH\Controllers\Nilai.php(38): CodeIgniter\Model->insert()
 9 SYSTEMPATH\CodeIgniter.php(898): App\Controllers\nilai->create()
10 SYSTEMPATH\CodeIgniter.php(468): CodeIgniter\CodeIgniter->runController()
11 SYSTEMPATH\CodeIgniter.php(351): CodeIgniter\CodeIgniter->handleRequest()
12 FCPATH\index.php(62): CodeIgniter\CodeIgniter->run()
13 SYSTEMPATH\Commands\Server\rewrite.php(43): require_once('FCPATH\\index.php')
ERROR - 2022-07-25 11:21:51 --> Column 'id_tugas' cannot be null
CRITICAL - 2022-07-25 11:21:51 --> Column 'id_tugas' cannot be null
in SYSTEMPATH\Database\MySQLi\Connection.php on line 292.
 1 SYSTEMPATH\Database\MySQLi\Connection.php(292): mysqli->query()
 2 SYSTEMPATH\Database\BaseConnection.php(678): CodeIgniter\Database\MySQLi\Connection->execute()
 3 SYSTEMPATH\Database\BaseConnection.php(606): CodeIgniter\Database\BaseConnection->simpleQuery()
 4 SYSTEMPATH\Database\BaseBuilder.php(1904): CodeIgniter\Database\BaseConnection->query()
 5 SYSTEMPATH\Model.php(278): CodeIgniter\Database\BaseBuilder->insert()
 6 SYSTEMPATH\BaseModel.php(738): CodeIgniter\Model->doInsert()
 7 SYSTEMPATH\Model.php(666): CodeIgniter\BaseModel->insert()
 8 APPPATH\Controllers\Nilai.php(38): CodeIgniter\Model->insert()
 9 SYSTEMPATH\CodeIgniter.php(898): App\Controllers\nilai->create()
10 SYSTEMPATH\CodeIgniter.php(468): CodeIgniter\CodeIgniter->runController()
11 SYSTEMPATH\CodeIgniter.php(351): CodeIgniter\CodeIgniter->handleRequest()
12 FCPATH\index.php(62): CodeIgniter\CodeIgniter->run()
13 SYSTEMPATH\Commands\Server\rewrite.php(43): require_once('FCPATH\\index.php')
ERROR - 2022-07-25 12:14:45 --> Column 'id_tugas' cannot be null
CRITICAL - 2022-07-25 12:14:45 --> Column 'id_tugas' cannot be null
in SYSTEMPATH\Database\MySQLi\Connection.php on line 292.
 1 SYSTEMPATH\Database\MySQLi\Connection.php(292): mysqli->query()
 2 SYSTEMPATH\Database\BaseConnection.php(678): CodeIgniter\Database\MySQLi\Connection->execute()
 3 SYSTEMPATH\Database\BaseConnection.php(606): CodeIgniter\Database\BaseConnection->simpleQuery()
 4 SYSTEMPATH\Database\BaseBuilder.php(1904): CodeIgniter\Database\BaseConnection->query()
 5 SYSTEMPATH\Model.php(278): CodeIgniter\Database\BaseBuilder->insert()
 6 SYSTEMPATH\BaseModel.php(738): CodeIgniter\Model->doInsert()
 7 SYSTEMPATH\Model.php(666): CodeIgniter\BaseModel->insert()
 8 APPPATH\Controllers\Nilai.php(52): CodeIgniter\Model->insert()
 9 SYSTEMPATH\CodeIgniter.php(898): App\Controllers\nilai->create()
10 SYSTEMPATH\CodeIgniter.php(468): CodeIgniter\CodeIgniter->runController()
11 SYSTEMPATH\CodeIgniter.php(351): CodeIgniter\CodeIgniter->handleRequest()
12 FCPATH\index.php(62): CodeIgniter\CodeIgniter->run()
13 SYSTEMPATH\Commands\Server\rewrite.php(43): require_once('FCPATH\\index.php')
