ERROR - 2022-08-11 00:19:12 --> Column 'deleted_at' in where clause is ambiguous
CRITICAL - 2022-08-11 00:19:12 --> Column 'deleted_at' in where clause is ambiguous
in SYSTEMPATH\Database\MySQLi\Connection.php on line 292.
 1 SYSTEMPATH\Database\MySQLi\Connection.php(292): mysqli->query()
 2 SYSTEMPATH\Database\BaseConnection.php(678): CodeIgniter\Database\MySQLi\Connection->execute()
 3 SYSTEMPATH\Database\BaseConnection.php(606): CodeIgniter\Database\BaseConnection->simpleQuery()
 4 SYSTEMPATH\Database\BaseBuilder.php(1585): CodeIgniter\Database\BaseConnection->query()
 5 APPPATH\Models\PertemuanModel.php(37): CodeIgniter\Database\BaseBuilder->get()
 6 APPPATH\Controllers\Pertemuan.php(21): App\Models\PertemuanModel->getNama()
 7 SYSTEMPATH\CodeIgniter.php(898): App\Controllers\Pertemuan->viewAllDeletedNull()
 8 SYSTEMPATH\CodeIgniter.php(468): CodeIgniter\CodeIgniter->runController()
 9 SYSTEMPATH\CodeIgniter.php(351): CodeIgniter\CodeIgniter->handleRequest()
10 FCPATH\index.php(62): CodeIgniter\CodeIgniter->run()
11 SYSTEMPATH\Commands\Server\rewrite.php(43): require_once('FCPATH\\index.php')
ERROR - 2022-08-11 00:27:33 --> You have an error in your SQL syntax; check the manual that corresponds to your MariaDB server version for the right syntax to use near ':0:
AND 1 IS NULL
AND 2 = :2:' at line 4
CRITICAL - 2022-08-11 00:27:33 --> You have an error in your SQL syntax; check the manual that corresponds to your MariaDB server version for the right syntax to use near ':0:
AND 1 IS NULL
AND 2 = :2:' at line 4
in SYSTEMPATH\Database\MySQLi\Connection.php on line 292.
 1 SYSTEMPATH\Database\MySQLi\Connection.php(292): mysqli->query()
 2 SYSTEMPATH\Database\BaseConnection.php(678): CodeIgniter\Database\MySQLi\Connection->execute()
 3 SYSTEMPATH\Database\BaseConnection.php(606): CodeIgniter\Database\BaseConnection->simpleQuery()
 4 SYSTEMPATH\Database\BaseBuilder.php(1585): CodeIgniter\Database\BaseConnection->query()
 5 APPPATH\Models\PertemuanModel.php(37): CodeIgniter\Database\BaseBuilder->get()
 6 APPPATH\Controllers\Pertemuan.php(21): App\Models\PertemuanModel->getNama()
 7 SYSTEMPATH\CodeIgniter.php(898): App\Controllers\Pertemuan->viewAllDeletedNull()
 8 SYSTEMPATH\CodeIgniter.php(468): CodeIgniter\CodeIgniter->runController()
 9 SYSTEMPATH\CodeIgniter.php(351): CodeIgniter\CodeIgniter->handleRequest()
10 FCPATH\index.php(62): CodeIgniter\CodeIgniter->run()
11 SYSTEMPATH\Commands\Server\rewrite.php(43): require_once('FCPATH\\index.php')
ERROR - 2022-08-11 00:29:27 --> Column 'deleted_at' in where clause is ambiguous
CRITICAL - 2022-08-11 00:29:27 --> Column 'deleted_at' in where clause is ambiguous
in SYSTEMPATH\Database\MySQLi\Connection.php on line 292.
 1 SYSTEMPATH\Database\MySQLi\Connection.php(292): mysqli->query()
 2 SYSTEMPATH\Database\BaseConnection.php(678): CodeIgniter\Database\MySQLi\Connection->execute()
 3 SYSTEMPATH\Database\BaseConnection.php(606): CodeIgniter\Database\BaseConnection->simpleQuery()
 4 SYSTEMPATH\Database\BaseBuilder.php(1585): CodeIgniter\Database\BaseConnection->query()
 5 APPPATH\Models\PertemuanModel.php(37): CodeIgniter\Database\BaseBuilder->get()
 6 APPPATH\Controllers\Pertemuan.php(21): App\Models\PertemuanModel->getNama()
 7 SYSTEMPATH\CodeIgniter.php(898): App\Controllers\Pertemuan->viewAllDeletedNull()
 8 SYSTEMPATH\CodeIgniter.php(468): CodeIgniter\CodeIgniter->runController()
 9 SYSTEMPATH\CodeIgniter.php(351): CodeIgniter\CodeIgniter->handleRequest()
10 FCPATH\index.php(62): CodeIgniter\CodeIgniter->run()
11 SYSTEMPATH\Commands\Server\rewrite.php(43): require_once('FCPATH\\index.php')
ERROR - 2022-08-11 00:30:40 --> Column 'deleted_at' in where clause is ambiguous
CRITICAL - 2022-08-11 00:30:40 --> Column 'deleted_at' in where clause is ambiguous
in SYSTEMPATH\Database\MySQLi\Connection.php on line 292.
 1 SYSTEMPATH\Database\MySQLi\Connection.php(292): mysqli->query()
 2 SYSTEMPATH\Database\BaseConnection.php(678): CodeIgniter\Database\MySQLi\Connection->execute()
 3 SYSTEMPATH\Database\BaseConnection.php(606): CodeIgniter\Database\BaseConnection->simpleQuery()
 4 SYSTEMPATH\Database\BaseBuilder.php(1585): CodeIgniter\Database\BaseConnection->query()
 5 APPPATH\Models\PertemuanModel.php(37): CodeIgniter\Database\BaseBuilder->get()
 6 APPPATH\Controllers\Pertemuan.php(21): App\Models\PertemuanModel->getNama()
 7 SYSTEMPATH\CodeIgniter.php(898): App\Controllers\Pertemuan->viewAllDeletedNull()
 8 SYSTEMPATH\CodeIgniter.php(468): CodeIgniter\CodeIgniter->runController()
 9 SYSTEMPATH\CodeIgniter.php(351): CodeIgniter\CodeIgniter->handleRequest()
10 FCPATH\index.php(62): CodeIgniter\CodeIgniter->run()
11 SYSTEMPATH\Commands\Server\rewrite.php(43): require_once('FCPATH\\index.php')
ERROR - 2022-08-11 00:35:44 --> You have an error in your SQL syntax; check the manual that corresponds to your MariaDB server version for the right syntax to use near ':0:
AND 1 IS NULL' at line 4
CRITICAL - 2022-08-11 00:35:44 --> You have an error in your SQL syntax; check the manual that corresponds to your MariaDB server version for the right syntax to use near ':0:
AND 1 IS NULL' at line 4
in SYSTEMPATH\Database\MySQLi\Connection.php on line 292.
 1 SYSTEMPATH\Database\MySQLi\Connection.php(292): mysqli->query()
 2 SYSTEMPATH\Database\BaseConnection.php(678): CodeIgniter\Database\MySQLi\Connection->execute()
 3 SYSTEMPATH\Database\BaseConnection.php(606): CodeIgniter\Database\BaseConnection->simpleQuery()
 4 SYSTEMPATH\Database\BaseBuilder.php(1585): CodeIgniter\Database\BaseConnection->query()
 5 APPPATH\Models\PertemuanModel.php(37): CodeIgniter\Database\BaseBuilder->get()
 6 APPPATH\Controllers\Pertemuan.php(21): App\Models\PertemuanModel->getNama()
 7 SYSTEMPATH\CodeIgniter.php(898): App\Controllers\Pertemuan->viewAllDeletedNull()
 8 SYSTEMPATH\CodeIgniter.php(468): CodeIgniter\CodeIgniter->runController()
 9 SYSTEMPATH\CodeIgniter.php(351): CodeIgniter\CodeIgniter->handleRequest()
10 FCPATH\index.php(62): CodeIgniter\CodeIgniter->run()
11 SYSTEMPATH\Commands\Server\rewrite.php(43): require_once('FCPATH\\index.php')
ERROR - 2022-08-11 04:04:23 --> You have an error in your SQL syntax; check the manual that corresponds to your MariaDB server version for the right syntax to use near ':0:
AND 1 IS NULL' at line 4
CRITICAL - 2022-08-11 04:04:23 --> You have an error in your SQL syntax; check the manual that corresponds to your MariaDB server version for the right syntax to use near ':0:
AND 1 IS NULL' at line 4
in SYSTEMPATH\Database\MySQLi\Connection.php on line 292.
 1 SYSTEMPATH\Database\MySQLi\Connection.php(292): mysqli->query()
 2 SYSTEMPATH\Database\BaseConnection.php(678): CodeIgniter\Database\MySQLi\Connection->execute()
 3 SYSTEMPATH\Database\BaseConnection.php(606): CodeIgniter\Database\BaseConnection->simpleQuery()
 4 SYSTEMPATH\Database\BaseBuilder.php(1585): CodeIgniter\Database\BaseConnection->query()
 5 APPPATH\Models\PertemuanModel.php(37): CodeIgniter\Database\BaseBuilder->get()
 6 APPPATH\Controllers\Pertemuan.php(21): App\Models\PertemuanModel->getNama()
 7 SYSTEMPATH\CodeIgniter.php(898): App\Controllers\Pertemuan->viewAllDeletedNull()
 8 SYSTEMPATH\CodeIgniter.php(468): CodeIgniter\CodeIgniter->runController()
 9 SYSTEMPATH\CodeIgniter.php(351): CodeIgniter\CodeIgniter->handleRequest()
10 FCPATH\index.php(62): CodeIgniter\CodeIgniter->run()
11 SYSTEMPATH\Commands\Server\rewrite.php(43): require_once('FCPATH\\index.php')
ERROR - 2022-08-11 04:04:29 --> You have an error in your SQL syntax; check the manual that corresponds to your MariaDB server version for the right syntax to use near ':0:
AND 1 IS NULL' at line 4
CRITICAL - 2022-08-11 04:04:29 --> You have an error in your SQL syntax; check the manual that corresponds to your MariaDB server version for the right syntax to use near ':0:
AND 1 IS NULL' at line 4
in SYSTEMPATH\Database\MySQLi\Connection.php on line 292.
 1 SYSTEMPATH\Database\MySQLi\Connection.php(292): mysqli->query()
 2 SYSTEMPATH\Database\BaseConnection.php(678): CodeIgniter\Database\MySQLi\Connection->execute()
 3 SYSTEMPATH\Database\BaseConnection.php(606): CodeIgniter\Database\BaseConnection->simpleQuery()
 4 SYSTEMPATH\Database\BaseBuilder.php(1585): CodeIgniter\Database\BaseConnection->query()
 5 APPPATH\Models\PertemuanModel.php(37): CodeIgniter\Database\BaseBuilder->get()
 6 APPPATH\Controllers\Pertemuan.php(21): App\Models\PertemuanModel->getNama()
 7 SYSTEMPATH\CodeIgniter.php(898): App\Controllers\Pertemuan->viewAllDeletedNull()
 8 SYSTEMPATH\CodeIgniter.php(468): CodeIgniter\CodeIgniter->runController()
 9 SYSTEMPATH\CodeIgniter.php(351): CodeIgniter\CodeIgniter->handleRequest()
10 FCPATH\index.php(62): CodeIgniter\CodeIgniter->run()
11 SYSTEMPATH\Commands\Server\rewrite.php(43): require_once('FCPATH\\index.php')
ERROR - 2022-08-11 04:07:41 --> You have an error in your SQL syntax; check the manual that corresponds to your MariaDB server version for the right syntax to use near ':0:
AND 1 IS NULL' at line 4
CRITICAL - 2022-08-11 04:07:41 --> You have an error in your SQL syntax; check the manual that corresponds to your MariaDB server version for the right syntax to use near ':0:
AND 1 IS NULL' at line 4
in SYSTEMPATH\Database\MySQLi\Connection.php on line 292.
 1 SYSTEMPATH\Database\MySQLi\Connection.php(292): mysqli->query()
 2 SYSTEMPATH\Database\BaseConnection.php(678): CodeIgniter\Database\MySQLi\Connection->execute()
 3 SYSTEMPATH\Database\BaseConnection.php(606): CodeIgniter\Database\BaseConnection->simpleQuery()
 4 SYSTEMPATH\Database\BaseBuilder.php(1585): CodeIgniter\Database\BaseConnection->query()
 5 APPPATH\Models\PertemuanModel.php(37): CodeIgniter\Database\BaseBuilder->get()
 6 APPPATH\Controllers\Pertemuan.php(21): App\Models\PertemuanModel->getNama()
 7 SYSTEMPATH\CodeIgniter.php(898): App\Controllers\Pertemuan->viewAllDeletedNull()
 8 SYSTEMPATH\CodeIgniter.php(468): CodeIgniter\CodeIgniter->runController()
 9 SYSTEMPATH\CodeIgniter.php(351): CodeIgniter\CodeIgniter->handleRequest()
10 FCPATH\index.php(62): CodeIgniter\CodeIgniter->run()
11 SYSTEMPATH\Commands\Server\rewrite.php(43): require_once('FCPATH\\index.php')
ERROR - 2022-08-11 04:10:37 --> You have an error in your SQL syntax; check the manual that corresponds to your MariaDB server version for the right syntax to use near ':0:
AND 1 = :1:' at line 4
CRITICAL - 2022-08-11 04:10:37 --> You have an error in your SQL syntax; check the manual that corresponds to your MariaDB server version for the right syntax to use near ':0:
AND 1 = :1:' at line 4
in SYSTEMPATH\Database\MySQLi\Connection.php on line 292.
 1 SYSTEMPATH\Database\MySQLi\Connection.php(292): mysqli->query()
 2 SYSTEMPATH\Database\BaseConnection.php(678): CodeIgniter\Database\MySQLi\Connection->execute()
 3 SYSTEMPATH\Database\BaseConnection.php(606): CodeIgniter\Database\BaseConnection->simpleQuery()
 4 SYSTEMPATH\Database\BaseBuilder.php(1585): CodeIgniter\Database\BaseConnection->query()
 5 APPPATH\Models\PertemuanModel.php(37): CodeIgniter\Database\BaseBuilder->get()
 6 APPPATH\Controllers\Pertemuan.php(21): App\Models\PertemuanModel->getNama()
 7 SYSTEMPATH\CodeIgniter.php(898): App\Controllers\Pertemuan->viewAllDeletedNull()
 8 SYSTEMPATH\CodeIgniter.php(468): CodeIgniter\CodeIgniter->runController()
 9 SYSTEMPATH\CodeIgniter.php(351): CodeIgniter\CodeIgniter->handleRequest()
10 FCPATH\index.php(62): CodeIgniter\CodeIgniter->run()
11 SYSTEMPATH\Commands\Server\rewrite.php(43): require_once('FCPATH\\index.php')
ERROR - 2022-08-11 04:11:27 --> You have an error in your SQL syntax; check the manual that corresponds to your MariaDB server version for the right syntax to use near ':0:
AND 1 IS NULL' at line 4
CRITICAL - 2022-08-11 04:11:27 --> You have an error in your SQL syntax; check the manual that corresponds to your MariaDB server version for the right syntax to use near ':0:
AND 1 IS NULL' at line 4
in SYSTEMPATH\Database\MySQLi\Connection.php on line 292.
 1 SYSTEMPATH\Database\MySQLi\Connection.php(292): mysqli->query()
 2 SYSTEMPATH\Database\BaseConnection.php(678): CodeIgniter\Database\MySQLi\Connection->execute()
 3 SYSTEMPATH\Database\BaseConnection.php(606): CodeIgniter\Database\BaseConnection->simpleQuery()
 4 SYSTEMPATH\Database\BaseBuilder.php(1585): CodeIgniter\Database\BaseConnection->query()
 5 APPPATH\Models\PertemuanModel.php(37): CodeIgniter\Database\BaseBuilder->get()
 6 APPPATH\Controllers\Pertemuan.php(21): App\Models\PertemuanModel->getNama()
 7 SYSTEMPATH\CodeIgniter.php(898): App\Controllers\Pertemuan->viewAllDeletedNull()
 8 SYSTEMPATH\CodeIgniter.php(468): CodeIgniter\CodeIgniter->runController()
 9 SYSTEMPATH\CodeIgniter.php(351): CodeIgniter\CodeIgniter->handleRequest()
10 FCPATH\index.php(62): CodeIgniter\CodeIgniter->run()
11 SYSTEMPATH\Commands\Server\rewrite.php(43): require_once('FCPATH\\index.php')
ERROR - 2022-08-11 04:11:38 --> You have an error in your SQL syntax; check the manual that corresponds to your MariaDB server version for the right syntax to use near ':0:
AND 1 IS NULL' at line 4
CRITICAL - 2022-08-11 04:11:38 --> You have an error in your SQL syntax; check the manual that corresponds to your MariaDB server version for the right syntax to use near ':0:
AND 1 IS NULL' at line 4
in SYSTEMPATH\Database\MySQLi\Connection.php on line 292.
 1 SYSTEMPATH\Database\MySQLi\Connection.php(292): mysqli->query()
 2 SYSTEMPATH\Database\BaseConnection.php(678): CodeIgniter\Database\MySQLi\Connection->execute()
 3 SYSTEMPATH\Database\BaseConnection.php(606): CodeIgniter\Database\BaseConnection->simpleQuery()
 4 SYSTEMPATH\Database\BaseBuilder.php(1585): CodeIgniter\Database\BaseConnection->query()
 5 APPPATH\Models\PertemuanModel.php(37): CodeIgniter\Database\BaseBuilder->get()
 6 APPPATH\Controllers\Pertemuan.php(21): App\Models\PertemuanModel->getNama()
 7 SYSTEMPATH\CodeIgniter.php(898): App\Controllers\Pertemuan->viewAllDeletedNull()
 8 SYSTEMPATH\CodeIgniter.php(468): CodeIgniter\CodeIgniter->runController()
 9 SYSTEMPATH\CodeIgniter.php(351): CodeIgniter\CodeIgniter->handleRequest()
10 FCPATH\index.php(62): CodeIgniter\CodeIgniter->run()
11 SYSTEMPATH\Commands\Server\rewrite.php(43): require_once('FCPATH\\index.php')
ERROR - 2022-08-11 04:12:10 --> You have an error in your SQL syntax; check the manual that corresponds to your MariaDB server version for the right syntax to use near ':0:
AND 1 IS NULL' at line 4
CRITICAL - 2022-08-11 04:12:10 --> You have an error in your SQL syntax; check the manual that corresponds to your MariaDB server version for the right syntax to use near ':0:
AND 1 IS NULL' at line 4
in SYSTEMPATH\Database\MySQLi\Connection.php on line 292.
 1 SYSTEMPATH\Database\MySQLi\Connection.php(292): mysqli->query()
 2 SYSTEMPATH\Database\BaseConnection.php(678): CodeIgniter\Database\MySQLi\Connection->execute()
 3 SYSTEMPATH\Database\BaseConnection.php(606): CodeIgniter\Database\BaseConnection->simpleQuery()
 4 SYSTEMPATH\Database\BaseBuilder.php(1585): CodeIgniter\Database\BaseConnection->query()
 5 APPPATH\Models\PertemuanModel.php(37): CodeIgniter\Database\BaseBuilder->get()
 6 APPPATH\Controllers\Pertemuan.php(21): App\Models\PertemuanModel->getNama()
 7 SYSTEMPATH\CodeIgniter.php(898): App\Controllers\Pertemuan->viewAllDeletedNull()
 8 SYSTEMPATH\CodeIgniter.php(468): CodeIgniter\CodeIgniter->runController()
 9 SYSTEMPATH\CodeIgniter.php(351): CodeIgniter\CodeIgniter->handleRequest()
10 FCPATH\index.php(62): CodeIgniter\CodeIgniter->run()
11 SYSTEMPATH\Commands\Server\rewrite.php(43): require_once('FCPATH\\index.php')
ERROR - 2022-08-11 04:13:26 --> You have an error in your SQL syntax; check the manual that corresponds to your MariaDB server version for the right syntax to use near ':0:
AND 1 IS NULL' at line 4
CRITICAL - 2022-08-11 04:13:26 --> You have an error in your SQL syntax; check the manual that corresponds to your MariaDB server version for the right syntax to use near ':0:
AND 1 IS NULL' at line 4
in SYSTEMPATH\Database\MySQLi\Connection.php on line 292.
 1 SYSTEMPATH\Database\MySQLi\Connection.php(292): mysqli->query()
 2 SYSTEMPATH\Database\BaseConnection.php(678): CodeIgniter\Database\MySQLi\Connection->execute()
 3 SYSTEMPATH\Database\BaseConnection.php(606): CodeIgniter\Database\BaseConnection->simpleQuery()
 4 SYSTEMPATH\Database\BaseBuilder.php(1585): CodeIgniter\Database\BaseConnection->query()
 5 APPPATH\Models\PertemuanModel.php(37): CodeIgniter\Database\BaseBuilder->get()
 6 APPPATH\Controllers\Pertemuan.php(21): App\Models\PertemuanModel->getNama()
 7 SYSTEMPATH\CodeIgniter.php(898): App\Controllers\Pertemuan->viewAllDeletedNull()
 8 SYSTEMPATH\CodeIgniter.php(468): CodeIgniter\CodeIgniter->runController()
 9 SYSTEMPATH\CodeIgniter.php(351): CodeIgniter\CodeIgniter->handleRequest()
10 FCPATH\index.php(62): CodeIgniter\CodeIgniter->run()
11 SYSTEMPATH\Commands\Server\rewrite.php(43): require_once('FCPATH\\index.php')
ERROR - 2022-08-11 04:15:04 --> You have an error in your SQL syntax; check the manual that corresponds to your MariaDB server version for the right syntax to use near ':0:
AND 1 = :1:
AND 2 IS NULL' at line 4
CRITICAL - 2022-08-11 04:15:04 --> You have an error in your SQL syntax; check the manual that corresponds to your MariaDB server version for the right syntax to use near ':0:
AND 1 = :1:
AND 2 IS NULL' at line 4
in SYSTEMPATH\Database\MySQLi\Connection.php on line 292.
 1 SYSTEMPATH\Database\MySQLi\Connection.php(292): mysqli->query()
 2 SYSTEMPATH\Database\BaseConnection.php(678): CodeIgniter\Database\MySQLi\Connection->execute()
 3 SYSTEMPATH\Database\BaseConnection.php(606): CodeIgniter\Database\BaseConnection->simpleQuery()
 4 SYSTEMPATH\Database\BaseBuilder.php(1585): CodeIgniter\Database\BaseConnection->query()
 5 APPPATH\Models\PertemuanModel.php(37): CodeIgniter\Database\BaseBuilder->get()
 6 APPPATH\Controllers\Pertemuan.php(21): App\Models\PertemuanModel->getNama()
 7 SYSTEMPATH\CodeIgniter.php(898): App\Controllers\Pertemuan->viewAllDeletedNull()
 8 SYSTEMPATH\CodeIgniter.php(468): CodeIgniter\CodeIgniter->runController()
 9 SYSTEMPATH\CodeIgniter.php(351): CodeIgniter\CodeIgniter->handleRequest()
10 FCPATH\index.php(62): CodeIgniter\CodeIgniter->run()
11 SYSTEMPATH\Commands\Server\rewrite.php(43): require_once('FCPATH\\index.php')
ERROR - 2022-08-11 04:17:31 --> Column 'deleted_at' in where clause is ambiguous
CRITICAL - 2022-08-11 04:17:31 --> Column 'deleted_at' in where clause is ambiguous
in SYSTEMPATH\Database\MySQLi\Connection.php on line 292.
 1 SYSTEMPATH\Database\MySQLi\Connection.php(292): mysqli->query()
 2 SYSTEMPATH\Database\BaseConnection.php(678): CodeIgniter\Database\MySQLi\Connection->execute()
 3 SYSTEMPATH\Database\BaseConnection.php(606): CodeIgniter\Database\BaseConnection->simpleQuery()
 4 SYSTEMPATH\Database\BaseBuilder.php(1585): CodeIgniter\Database\BaseConnection->query()
 5 APPPATH\Models\PertemuanModel.php(37): CodeIgniter\Database\BaseBuilder->get()
 6 APPPATH\Controllers\Pertemuan.php(21): App\Models\PertemuanModel->getNama()
 7 SYSTEMPATH\CodeIgniter.php(898): App\Controllers\Pertemuan->viewAllDeletedNull()
 8 SYSTEMPATH\CodeIgniter.php(468): CodeIgniter\CodeIgniter->runController()
 9 SYSTEMPATH\CodeIgniter.php(351): CodeIgniter\CodeIgniter->handleRequest()
10 FCPATH\index.php(62): CodeIgniter\CodeIgniter->run()
11 SYSTEMPATH\Commands\Server\rewrite.php(43): require_once('FCPATH\\index.php')
CRITICAL - 2022-08-11 05:06:51 --> Undefined index: id_tugas
in APPPATH\Controllers\Pertemuan.php on line 96.
 1 APPPATH\Controllers\Pertemuan.php(96): CodeIgniter\Debug\Exceptions->errorHandler()
 2 SYSTEMPATH\CodeIgniter.php(898): App\Controllers\Pertemuan->update_pertemuan()
 3 SYSTEMPATH\CodeIgniter.php(468): CodeIgniter\CodeIgniter->runController()
 4 SYSTEMPATH\CodeIgniter.php(351): CodeIgniter\CodeIgniter->handleRequest()
 5 FCPATH\index.php(62): CodeIgniter\CodeIgniter->run()
 6 SYSTEMPATH\Commands\Server\rewrite.php(43): require_once('FCPATH\\index.php')
CRITICAL - 2022-08-11 05:08:39 --> Undefined index: id_tugas
in APPPATH\Controllers\Pertemuan.php on line 96.
 1 APPPATH\Controllers\Pertemuan.php(96): CodeIgniter\Debug\Exceptions->errorHandler()
 2 SYSTEMPATH\CodeIgniter.php(898): App\Controllers\Pertemuan->update_pertemuan()
 3 SYSTEMPATH\CodeIgniter.php(468): CodeIgniter\CodeIgniter->runController()
 4 SYSTEMPATH\CodeIgniter.php(351): CodeIgniter\CodeIgniter->handleRequest()
 5 FCPATH\index.php(62): CodeIgniter\CodeIgniter->run()
 6 SYSTEMPATH\Commands\Server\rewrite.php(43): require_once('FCPATH\\index.php')
CRITICAL - 2022-08-11 09:56:26 --> Undefined index: id_tugas
in APPPATH\Controllers\Pertemuan.php on line 96.
 1 APPPATH\Controllers\Pertemuan.php(96): CodeIgniter\Debug\Exceptions->errorHandler()
 2 SYSTEMPATH\CodeIgniter.php(898): App\Controllers\Pertemuan->update_pertemuan()
 3 SYSTEMPATH\CodeIgniter.php(468): CodeIgniter\CodeIgniter->runController()
 4 SYSTEMPATH\CodeIgniter.php(351): CodeIgniter\CodeIgniter->handleRequest()
 5 FCPATH\index.php(62): CodeIgniter\CodeIgniter->run()
 6 SYSTEMPATH\Commands\Server\rewrite.php(43): require_once('FCPATH\\index.php')
CRITICAL - 2022-08-11 09:57:59 --> Undefined index: id_kelas
in APPPATH\Controllers\Pertemuan.php on line 96.
 1 APPPATH\Controllers\Pertemuan.php(96): CodeIgniter\Debug\Exceptions->errorHandler()
 2 SYSTEMPATH\CodeIgniter.php(898): App\Controllers\Pertemuan->update_pertemuan()
 3 SYSTEMPATH\CodeIgniter.php(468): CodeIgniter\CodeIgniter->runController()
 4 SYSTEMPATH\CodeIgniter.php(351): CodeIgniter\CodeIgniter->handleRequest()
 5 FCPATH\index.php(62): CodeIgniter\CodeIgniter->run()
 6 SYSTEMPATH\Commands\Server\rewrite.php(43): require_once('FCPATH\\index.php')
CRITICAL - 2022-08-11 10:08:07 --> Undefined property: stdClass::$upload_image
in APPPATH\Controllers\Pertemuan.php on line 91.
 1 APPPATH\Controllers\Pertemuan.php(91): CodeIgniter\Debug\Exceptions->errorHandler()
 2 SYSTEMPATH\CodeIgniter.php(898): App\Controllers\Pertemuan->update_pertemuan()
 3 SYSTEMPATH\CodeIgniter.php(468): CodeIgniter\CodeIgniter->runController()
 4 SYSTEMPATH\CodeIgniter.php(351): CodeIgniter\CodeIgniter->handleRequest()
 5 FCPATH\index.php(62): CodeIgniter\CodeIgniter->run()
 6 SYSTEMPATH\Commands\Server\rewrite.php(43): require_once('FCPATH\\index.php')
CRITICAL - 2022-08-11 10:09:28 --> Undefined property: App\Controllers\Pertemuan::$respond
in APPPATH\Controllers\Pertemuan.php on line 75.
 1 APPPATH\Controllers\Pertemuan.php(75): CodeIgniter\Debug\Exceptions->errorHandler()
 2 SYSTEMPATH\CodeIgniter.php(898): App\Controllers\Pertemuan->update_pertemuan()
 3 SYSTEMPATH\CodeIgniter.php(468): CodeIgniter\CodeIgniter->runController()
 4 SYSTEMPATH\CodeIgniter.php(351): CodeIgniter\CodeIgniter->handleRequest()
 5 FCPATH\index.php(62): CodeIgniter\CodeIgniter->run()
 6 SYSTEMPATH\Commands\Server\rewrite.php(43): require_once('FCPATH\\index.php')
CRITICAL - 2022-08-11 10:14:55 --> Cannot use object of type stdClass as array
in APPPATH\Controllers\Pertemuan.php on line 78.
 1 SYSTEMPATH\CodeIgniter.php(898): App\Controllers\Pertemuan->update_pertemuan()
 2 SYSTEMPATH\CodeIgniter.php(468): CodeIgniter\CodeIgniter->runController()
 3 SYSTEMPATH\CodeIgniter.php(351): CodeIgniter\CodeIgniter->handleRequest()
 4 FCPATH\index.php(62): CodeIgniter\CodeIgniter->run()
 5 SYSTEMPATH\Commands\Server\rewrite.php(43): require_once('FCPATH\\index.php')
CRITICAL - 2022-08-11 10:17:29 --> Undefined property: stdClass::$upload_image
in APPPATH\Controllers\Pertemuan.php on line 93.
 1 APPPATH\Controllers\Pertemuan.php(93): CodeIgniter\Debug\Exceptions->errorHandler()
 2 SYSTEMPATH\CodeIgniter.php(898): App\Controllers\Pertemuan->update_pertemuan()
 3 SYSTEMPATH\CodeIgniter.php(468): CodeIgniter\CodeIgniter->runController()
 4 SYSTEMPATH\CodeIgniter.php(351): CodeIgniter\CodeIgniter->handleRequest()
 5 FCPATH\index.php(62): CodeIgniter\CodeIgniter->run()
 6 SYSTEMPATH\Commands\Server\rewrite.php(43): require_once('FCPATH\\index.php')
CRITICAL - 2022-08-11 10:23:24 --> Object of class stdClass could not be converted to string
in SYSTEMPATH\Database\Query.php on line 335.
 1 SYSTEMPATH\Database\Query.php(335): strtr()
 2 SYSTEMPATH\Database\Query.php(310): CodeIgniter\Database\Query->matchNamedBinds()
 3 SYSTEMPATH\Database\Query.php(159): CodeIgniter\Database\Query->compileBinds()
 4 SYSTEMPATH\Database\BaseConnection.php(606): CodeIgniter\Database\Query->getQuery()
 5 SYSTEMPATH\Database\BaseBuilder.php(2046): CodeIgniter\Database\BaseConnection->query()
 6 SYSTEMPATH\Model.php(337): CodeIgniter\Database\BaseBuilder->update()
 7 SYSTEMPATH\BaseModel.php(865): CodeIgniter\Model->doUpdate()
 8 SYSTEMPATH\Model.php(692): CodeIgniter\BaseModel->update()
 9 APPPATH\Controllers\Pertemuan.php(119): CodeIgniter\Model->update()
10 SYSTEMPATH\CodeIgniter.php(898): App\Controllers\Pertemuan->update_pertemuan()
11 SYSTEMPATH\CodeIgniter.php(468): CodeIgniter\CodeIgniter->runController()
12 SYSTEMPATH\CodeIgniter.php(351): CodeIgniter\CodeIgniter->handleRequest()
13 FCPATH\index.php(62): CodeIgniter\CodeIgniter->run()
14 SYSTEMPATH\Commands\Server\rewrite.php(43): require_once('FCPATH\\index.php')
CRITICAL - 2022-08-11 10:26:45 --> Object of class stdClass could not be converted to string
in SYSTEMPATH\Database\Query.php on line 335.
 1 SYSTEMPATH\Database\Query.php(335): strtr()
 2 SYSTEMPATH\Database\Query.php(310): CodeIgniter\Database\Query->matchNamedBinds()
 3 SYSTEMPATH\Database\Query.php(159): CodeIgniter\Database\Query->compileBinds()
 4 SYSTEMPATH\Database\BaseConnection.php(606): CodeIgniter\Database\Query->getQuery()
 5 SYSTEMPATH\Database\BaseBuilder.php(2046): CodeIgniter\Database\BaseConnection->query()
 6 SYSTEMPATH\Model.php(337): CodeIgniter\Database\BaseBuilder->update()
 7 SYSTEMPATH\BaseModel.php(865): CodeIgniter\Model->doUpdate()
 8 SYSTEMPATH\Model.php(692): CodeIgniter\BaseModel->update()
 9 APPPATH\Controllers\Pertemuan.php(119): CodeIgniter\Model->update()
10 SYSTEMPATH\CodeIgniter.php(898): App\Controllers\Pertemuan->update_pertemuan()
11 SYSTEMPATH\CodeIgniter.php(468): CodeIgniter\CodeIgniter->runController()
12 SYSTEMPATH\CodeIgniter.php(351): CodeIgniter\CodeIgniter->handleRequest()
13 FCPATH\index.php(62): CodeIgniter\CodeIgniter->run()
14 SYSTEMPATH\Commands\Server\rewrite.php(43): require_once('FCPATH\\index.php')
CRITICAL - 2022-08-11 10:27:25 --> Object of class stdClass could not be converted to string
in SYSTEMPATH\Database\Query.php on line 335.
 1 SYSTEMPATH\Database\Query.php(335): strtr()
 2 SYSTEMPATH\Database\Query.php(310): CodeIgniter\Database\Query->matchNamedBinds()
 3 SYSTEMPATH\Database\Query.php(159): CodeIgniter\Database\Query->compileBinds()
 4 SYSTEMPATH\Database\BaseConnection.php(606): CodeIgniter\Database\Query->getQuery()
 5 SYSTEMPATH\Database\BaseBuilder.php(2046): CodeIgniter\Database\BaseConnection->query()
 6 SYSTEMPATH\Model.php(337): CodeIgniter\Database\BaseBuilder->update()
 7 SYSTEMPATH\BaseModel.php(865): CodeIgniter\Model->doUpdate()
 8 SYSTEMPATH\Model.php(692): CodeIgniter\BaseModel->update()
 9 APPPATH\Controllers\Pertemuan.php(119): CodeIgniter\Model->update()
10 SYSTEMPATH\CodeIgniter.php(898): App\Controllers\Pertemuan->update_pertemuan()
11 SYSTEMPATH\CodeIgniter.php(468): CodeIgniter\CodeIgniter->runController()
12 SYSTEMPATH\CodeIgniter.php(351): CodeIgniter\CodeIgniter->handleRequest()
13 FCPATH\index.php(62): CodeIgniter\CodeIgniter->run()
14 SYSTEMPATH\Commands\Server\rewrite.php(43): require_once('FCPATH\\index.php')
CRITICAL - 2022-08-11 10:36:29 --> Object of class stdClass could not be converted to string
in SYSTEMPATH\Database\Query.php on line 335.
 1 SYSTEMPATH\Database\Query.php(335): strtr()
 2 SYSTEMPATH\Database\Query.php(310): CodeIgniter\Database\Query->matchNamedBinds()
 3 SYSTEMPATH\Database\Query.php(159): CodeIgniter\Database\Query->compileBinds()
 4 SYSTEMPATH\Database\BaseConnection.php(606): CodeIgniter\Database\Query->getQuery()
 5 SYSTEMPATH\Database\BaseBuilder.php(2046): CodeIgniter\Database\BaseConnection->query()
 6 SYSTEMPATH\Model.php(337): CodeIgniter\Database\BaseBuilder->update()
 7 SYSTEMPATH\BaseModel.php(865): CodeIgniter\Model->doUpdate()
 8 SYSTEMPATH\Model.php(692): CodeIgniter\BaseModel->update()
 9 APPPATH\Controllers\Pertemuan.php(119): CodeIgniter\Model->update()
10 SYSTEMPATH\CodeIgniter.php(898): App\Controllers\Pertemuan->update_pertemuan()
11 SYSTEMPATH\CodeIgniter.php(468): CodeIgniter\CodeIgniter->runController()
12 SYSTEMPATH\CodeIgniter.php(351): CodeIgniter\CodeIgniter->handleRequest()
13 FCPATH\index.php(62): CodeIgniter\CodeIgniter->run()
14 SYSTEMPATH\Commands\Server\rewrite.php(43): require_once('FCPATH\\index.php')
CRITICAL - 2022-08-11 10:40:54 --> Call to a member function isValid() on null
in APPPATH\Controllers\Pertemuan.php on line 96.
 1 SYSTEMPATH\CodeIgniter.php(898): App\Controllers\Pertemuan->update_pertemuan()
 2 SYSTEMPATH\CodeIgniter.php(468): CodeIgniter\CodeIgniter->runController()
 3 SYSTEMPATH\CodeIgniter.php(351): CodeIgniter\CodeIgniter->handleRequest()
 4 FCPATH\index.php(62): CodeIgniter\CodeIgniter->run()
 5 SYSTEMPATH\Commands\Server\rewrite.php(43): require_once('FCPATH\\index.php')
CRITICAL - 2022-08-11 10:43:25 --> Call to a member function isValid() on null
in APPPATH\Controllers\Pertemuan.php on line 96.
 1 SYSTEMPATH\CodeIgniter.php(898): App\Controllers\Pertemuan->update_pertemuan()
 2 SYSTEMPATH\CodeIgniter.php(468): CodeIgniter\CodeIgniter->runController()
 3 SYSTEMPATH\CodeIgniter.php(351): CodeIgniter\CodeIgniter->handleRequest()
 4 FCPATH\index.php(62): CodeIgniter\CodeIgniter->run()
 5 SYSTEMPATH\Commands\Server\rewrite.php(43): require_once('FCPATH\\index.php')
