ERROR - 2022-07-12 02:38:35 --> Unknown column 'pesan' in 'field list'
CRITICAL - 2022-07-12 02:38:35 --> Unknown column 'pesan' in 'field list'
in SYSTEMPATH\Database\MySQLi\Connection.php on line 292.
 1 SYSTEMPATH\Database\MySQLi\Connection.php(292): mysqli->query()
 2 SYSTEMPATH\Database\BaseConnection.php(678): CodeIgniter\Database\MySQLi\Connection->execute()
 3 SYSTEMPATH\Database\BaseConnection.php(606): CodeIgniter\Database\BaseConnection->simpleQuery()
 4 SYSTEMPATH\Database\BaseBuilder.php(1904): CodeIgniter\Database\BaseConnection->query()
 5 SYSTEMPATH\Model.php(278): CodeIgniter\Database\BaseBuilder->insert()
 6 SYSTEMPATH\BaseModel.php(738): CodeIgniter\Model->doInsert()
 7 SYSTEMPATH\Model.php(666): CodeIgniter\BaseModel->insert()
 8 APPPATH\Controllers\Komentar.php(28): CodeIgniter\Model->insert()
 9 SYSTEMPATH\CodeIgniter.php(898): App\Controllers\Komentar->create()
10 SYSTEMPATH\CodeIgniter.php(468): CodeIgniter\CodeIgniter->runController()
11 SYSTEMPATH\CodeIgniter.php(351): CodeIgniter\CodeIgniter->handleRequest()
12 FCPATH\index.php(62): CodeIgniter\CodeIgniter->run()
13 SYSTEMPATH\Commands\Server\rewrite.php(43): require_once('FCPATH\\index.php')
ERROR - 2022-07-12 03:10:44 --> Unknown column 'updated_at' in 'field list'
CRITICAL - 2022-07-12 03:10:44 --> Unknown column 'updated_at' in 'field list'
in SYSTEMPATH\Database\MySQLi\Connection.php on line 292.
 1 SYSTEMPATH\Database\MySQLi\Connection.php(292): mysqli->query()
 2 SYSTEMPATH\Database\BaseConnection.php(678): CodeIgniter\Database\MySQLi\Connection->execute()
 3 SYSTEMPATH\Database\BaseConnection.php(606): CodeIgniter\Database\BaseConnection->simpleQuery()
 4 SYSTEMPATH\Database\BaseBuilder.php(1904): CodeIgniter\Database\BaseConnection->query()
 5 SYSTEMPATH\Model.php(278): CodeIgniter\Database\BaseBuilder->insert()
 6 SYSTEMPATH\BaseModel.php(738): CodeIgniter\Model->doInsert()
 7 SYSTEMPATH\Model.php(666): CodeIgniter\BaseModel->insert()
 8 APPPATH\Controllers\Komentar.php(31): CodeIgniter\Model->insert()
 9 SYSTEMPATH\CodeIgniter.php(898): App\Controllers\Komentar->create()
10 SYSTEMPATH\CodeIgniter.php(468): CodeIgniter\CodeIgniter->runController()
11 SYSTEMPATH\CodeIgniter.php(351): CodeIgniter\CodeIgniter->handleRequest()
12 FCPATH\index.php(62): CodeIgniter\CodeIgniter->run()
13 SYSTEMPATH\Commands\Server\rewrite.php(43): require_once('FCPATH\\index.php')
ERROR - 2022-07-12 03:13:34 --> Unknown column 'updated_at' in 'field list'
CRITICAL - 2022-07-12 03:13:34 --> Unknown column 'updated_at' in 'field list'
in SYSTEMPATH\Database\MySQLi\Connection.php on line 292.
 1 SYSTEMPATH\Database\MySQLi\Connection.php(292): mysqli->query()
 2 SYSTEMPATH\Database\BaseConnection.php(678): CodeIgniter\Database\MySQLi\Connection->execute()
 3 SYSTEMPATH\Database\BaseConnection.php(606): CodeIgniter\Database\BaseConnection->simpleQuery()
 4 SYSTEMPATH\Database\BaseBuilder.php(1904): CodeIgniter\Database\BaseConnection->query()
 5 SYSTEMPATH\Model.php(278): CodeIgniter\Database\BaseBuilder->insert()
 6 SYSTEMPATH\BaseModel.php(738): CodeIgniter\Model->doInsert()
 7 SYSTEMPATH\Model.php(666): CodeIgniter\BaseModel->insert()
 8 APPPATH\Controllers\Komentar.php(31): CodeIgniter\Model->insert()
 9 SYSTEMPATH\CodeIgniter.php(898): App\Controllers\Komentar->create()
10 SYSTEMPATH\CodeIgniter.php(468): CodeIgniter\CodeIgniter->runController()
11 SYSTEMPATH\CodeIgniter.php(351): CodeIgniter\CodeIgniter->handleRequest()
12 FCPATH\index.php(62): CodeIgniter\CodeIgniter->run()
13 SYSTEMPATH\Commands\Server\rewrite.php(43): require_once('FCPATH\\index.php')
ERROR - 2022-07-12 03:17:27 --> Unknown column 'updated_at' in 'field list'
CRITICAL - 2022-07-12 03:17:27 --> Unknown column 'updated_at' in 'field list'
in SYSTEMPATH\Database\MySQLi\Connection.php on line 292.
 1 SYSTEMPATH\Database\MySQLi\Connection.php(292): mysqli->query()
 2 SYSTEMPATH\Database\BaseConnection.php(678): CodeIgniter\Database\MySQLi\Connection->execute()
 3 SYSTEMPATH\Database\BaseConnection.php(606): CodeIgniter\Database\BaseConnection->simpleQuery()
 4 SYSTEMPATH\Database\BaseBuilder.php(1904): CodeIgniter\Database\BaseConnection->query()
 5 SYSTEMPATH\Model.php(278): CodeIgniter\Database\BaseBuilder->insert()
 6 SYSTEMPATH\BaseModel.php(738): CodeIgniter\Model->doInsert()
 7 SYSTEMPATH\Model.php(666): CodeIgniter\BaseModel->insert()
 8 APPPATH\Controllers\Komentar.php(31): CodeIgniter\Model->insert()
 9 SYSTEMPATH\CodeIgniter.php(898): App\Controllers\Komentar->create()
10 SYSTEMPATH\CodeIgniter.php(468): CodeIgniter\CodeIgniter->runController()
11 SYSTEMPATH\CodeIgniter.php(351): CodeIgniter\CodeIgniter->handleRequest()
12 FCPATH\index.php(62): CodeIgniter\CodeIgniter->run()
13 SYSTEMPATH\Commands\Server\rewrite.php(43): require_once('FCPATH\\index.php')
