ERROR - 2022-08-03 00:47:21 --> Error connecting to the database: No connection could be made because the target machine actively refused it.

CRITICAL - 2022-08-03 00:47:21 --> Unable to connect to the database.
Main connection [MySQLi]: No connection could be made because the target machine actively refused it.

in SYSTEMPATH\Database\BaseConnection.php on line 415.
 1 SYSTEMPATH\Database\BaseConnection.php(585): CodeIgniter\Database\BaseConnection->initialize()
 2 SYSTEMPATH\Database\BaseBuilder.php(1585): CodeIgniter\Database\BaseConnection->query()
 3 APPPATH\Models\NilaiModel.php(16): CodeIgniter\Database\BaseBuilder->get()
 4 APPPATH\Controllers\Nilai.php(135): App\Models\NilaiModel->getnilai()
 5 SYSTEMPATH\CodeIgniter.php(898): App\Controllers\nilai->getnilai()
 6 SYSTEMPATH\CodeIgniter.php(468): CodeIgniter\CodeIgniter->runController()
 7 SYSTEMPATH\CodeIgniter.php(351): CodeIgniter\CodeIgniter->handleRequest()
 8 FCPATH\index.php(62): CodeIgniter\CodeIgniter->run()
 9 SYSTEMPATH\Commands\Server\rewrite.php(43): require_once('FCPATH\\index.php')
ERROR - 2022-08-03 00:47:26 --> Error connecting to the database: No connection could be made because the target machine actively refused it.

CRITICAL - 2022-08-03 00:47:26 --> Unable to connect to the database.
Main connection [MySQLi]: No connection could be made because the target machine actively refused it.

in SYSTEMPATH\Database\BaseConnection.php on line 415.
 1 SYSTEMPATH\Database\BaseConnection.php(585): CodeIgniter\Database\BaseConnection->initialize()
 2 SYSTEMPATH\Database\BaseBuilder.php(1585): CodeIgniter\Database\BaseConnection->query()
 3 APPPATH\Models\TugasPesertaModel.php(15): CodeIgniter\Database\BaseBuilder->get()
 4 APPPATH\Controllers\TugasPeserta.php(28): App\Models\TugasPesertaModel->getNama()
 5 SYSTEMPATH\CodeIgniter.php(898): App\Controllers\tugaspeserta->getData()
 6 SYSTEMPATH\CodeIgniter.php(468): CodeIgniter\CodeIgniter->runController()
 7 SYSTEMPATH\CodeIgniter.php(351): CodeIgniter\CodeIgniter->handleRequest()
 8 FCPATH\index.php(62): CodeIgniter\CodeIgniter->run()
 9 SYSTEMPATH\Commands\Server\rewrite.php(43): require_once('FCPATH\\index.php')
